<?xml version="1.0" encoding="UTF-8"?>
<testsuites name="jest tests" tests="359" failures="0" errors="0" time="13.863">
  <testsuite name="McpConfigHelper" errors="0" failures="0" skipped="0" timestamp="2026-05-21T19:33:22" time="1.593" tests="8">
    <testcase classname="McpConfigHelper creates and renders active token count" name="McpConfigHelper creates and renders active token count" time="0.07">
    </testcase>
    <testcase classname="McpConfigHelper uses a select for agent choice" name="McpConfigHelper uses a select for agent choice" time="0.01">
    </testcase>
    <testcase classname="McpConfigHelper updates selected agent from the select" name="McpConfigHelper updates selected agent from the select" time="0.008">
    </testcase>
    <testcase classname="McpConfigHelper generates config for the selected agent" name="McpConfigHelper generates config for the selected agent" time="0.006">
    </testcase>
    <testcase classname="McpConfigHelper returns an empty config when the selected agent is unknown" name="McpConfigHelper returns an empty config when the selected agent is unknown" time="0.006">
    </testcase>
    <testcase classname="McpConfigHelper copies generated config to the clipboard" name="McpConfigHelper copies generated config to the clipboard" time="0.006">
    </testcase>
    <testcase classname="McpConfigHelper does not copy when no config can be generated" name="McpConfigHelper does not copy when no config can be generated" time="0.006">
    </testcase>
    <testcase classname="McpConfigHelper falls back to execCommand when clipboard write fails" name="McpConfigHelper falls back to execCommand when clipboard write fails" time="0.009">
    </testcase>
  </testsuite>
  <testsuite name="ProfileMaterialPage" errors="0" failures="0" skipped="0" timestamp="2026-05-21T19:33:24" time="2.646" tests="115">
    <testcase classname="ProfileMaterialPage should create" name="ProfileMaterialPage should create" time="0.255">
    </testcase>
    <testcase classname="ProfileMaterialPage renders 7 tab buttons" name="ProfileMaterialPage renders 7 tab buttons" time="0.021">
    </testcase>
    <testcase classname="ProfileMaterialPage shows help FAB" name="ProfileMaterialPage shows help FAB" time="0.019">
    </testcase>
    <testcase classname="ProfileMaterialPage shows help modal when FAB is clicked" name="ProfileMaterialPage shows help modal when FAB is clicked" time="0.019">
    </testcase>
    <testcase classname="ProfileMaterialPage closes help modal on Escape key" name="ProfileMaterialPage closes help modal on Escape key" time="0.018">
    </testcase>
    <testcase classname="ProfileMaterialPage shows empty state when collections are empty" name="ProfileMaterialPage shows empty state when collections are empty" time="0.018">
    </testcase>
    <testcase classname="ProfileMaterialPage displays material count in insight grid" name="ProfileMaterialPage displays material count in insight grid" time="0.016">
    </testcase>
    <testcase classname="ProfileMaterialPage switches active section when tab is clicked" name="ProfileMaterialPage switches active section when tab is clicked" time="0.021">
    </testcase>
    <testcase classname="ProfileMaterialPage adds a job via form submission" name="ProfileMaterialPage adds a job via form submission" time="0.018">
    </testcase>
    <testcase classname="ProfileMaterialPage prevents job save when required fields are empty" name="ProfileMaterialPage prevents job save when required fields are empty" time="0.017">
    </testcase>
    <testcase classname="ProfileMaterialPage shows inline validation errors after submit with empty required fields" name="ProfileMaterialPage shows inline validation errors after submit with empty required fields" time="0.019">
    </testcase>
    <testcase classname="ProfileMaterialPage edits an existing job when clicked" name="ProfileMaterialPage edits an existing job when clicked" time="0.028">
    </testcase>
    <testcase classname="ProfileMaterialPage resets job form" name="ProfileMaterialPage resets job form" time="0.026">
    </testcase>
    <testcase classname="ProfileMaterialPage reorders jobs and marks section dirty" name="ProfileMaterialPage reorders jobs and marks section dirty" time="0.027">
    </testcase>
    <testcase classname="ProfileMaterialPage saves reordered items via batch update" name="ProfileMaterialPage saves reordered items via batch update" time="0.022">
    </testcase>
    <testcase classname="ProfileMaterialPage shows error state when API fails" name="ProfileMaterialPage shows error state when API fails" time="0.02">
    </testcase>
    <testcase classname="ProfileMaterialPage validates project URL format" name="ProfileMaterialPage validates project URL format" time="0.021">
    </testcase>
    <testcase classname="ProfileMaterialPage accepts valid project URL" name="ProfileMaterialPage accepts valid project URL" time="0.018">
    </testcase>
    <testcase classname="ProfileMaterialPage adds a project with achievements" name="ProfileMaterialPage adds a project with achievements" time="0.02">
    </testcase>
    <testcase classname="ProfileMaterialPage creates and links a new achievement from picker" name="ProfileMaterialPage creates and links a new achievement from picker" time="0.057">
    </testcase>
    <testcase classname="ProfileMaterialPage creates and selects a skill category from picker" name="ProfileMaterialPage creates and selects a skill category from picker" time="0.027">
    </testcase>
    <testcase classname="ProfileMaterialPage adds a skill" name="ProfileMaterialPage adds a skill" time="0.021">
    </testcase>
    <testcase classname="ProfileMaterialPage adds an achievement" name="ProfileMaterialPage adds an achievement" time="0.016">
    </testcase>
    <testcase classname="ProfileMaterialPage adds a degree" name="ProfileMaterialPage adds a degree" time="0.016">
    </testcase>
    <testcase classname="ProfileMaterialPage adds a hobby" name="ProfileMaterialPage adds a hobby" time="0.017">
    </testcase>
    <testcase classname="ProfileMaterialPage computes total material count correctly" name="ProfileMaterialPage computes total material count correctly" time="0.014">
    </testcase>
    <testcase classname="ProfileMaterialPage gets correct section counts" name="ProfileMaterialPage gets correct section counts" time="0.013">
    </testcase>
    <testcase classname="ProfileMaterialPage selects project asset via picker" name="ProfileMaterialPage selects project asset via picker" time="0.017">
    </testcase>
    <testcase classname="ProfileMaterialPage selects skill category via picker" name="ProfileMaterialPage selects skill category via picker" time="0.028">
    </testcase>
    <testcase classname="ProfileMaterialPage clears skill category" name="ProfileMaterialPage clears skill category" time="0.013">
    </testcase>
    <testcase classname="ProfileMaterialPage shows editing pill when editing an item" name="ProfileMaterialPage shows editing pill when editing an item" time="0.016">
    </testcase>
    <testcase classname="ProfileMaterialPage resets project form clears achievements" name="ProfileMaterialPage resets project form clears achievements" time="0.013">
    </testcase>
    <testcase classname="ProfileMaterialPage resets asset form clears selected file" name="ProfileMaterialPage resets asset form clears selected file" time="0.012">
    </testcase>
    <testcase classname="ProfileMaterialPage normalizes HTML editor value with only br tag" name="ProfileMaterialPage normalizes HTML editor value with only br tag" time="0.013">
    </testcase>
    <testcase classname="ProfileMaterialPage normalizes HTML editor value with whitespace only" name="ProfileMaterialPage normalizes HTML editor value with whitespace only" time="0.012">
    </testcase>
    <testcase classname="ProfileMaterialPage preserves HTML editor value with real content" name="ProfileMaterialPage preserves HTML editor value with real content" time="0.014">
    </testcase>
    <testcase classname="ProfileMaterialPage preserves HTML editor value with media" name="ProfileMaterialPage preserves HTML editor value with media" time="0.014">
    </testcase>
    <testcase classname="ProfileMaterialPage matches fuzzy query on empty query" name="ProfileMaterialPage matches fuzzy query on empty query" time="0.013">
    </testcase>
    <testcase classname="ProfileMaterialPage matches fuzzy query on partial match" name="ProfileMaterialPage matches fuzzy query on partial match" time="0.022">
    </testcase>
    <testcase classname="ProfileMaterialPage does not match fuzzy query on no match" name="ProfileMaterialPage does not match fuzzy query on no match" time="0.015">
    </testcase>
    <testcase classname="ProfileMaterialPage detects subsequence match" name="ProfileMaterialPage detects subsequence match" time="0.013">
    </testcase>
    <testcase classname="ProfileMaterialPage detects non-subsequence" name="ProfileMaterialPage detects non-subsequence" time="0.012">
    </testcase>
    <testcase classname="ProfileMaterialPage converts string to nullable number" name="ProfileMaterialPage converts string to nullable number" time="0.012">
    </testcase>
    <testcase classname="ProfileMaterialPage optionalText returns undefined for empty string" name="ProfileMaterialPage optionalText returns undefined for empty string" time="0.013">
    </testcase>
    <testcase classname="ProfileMaterialPage optionalText returns trimmed text" name="ProfileMaterialPage optionalText returns trimmed text" time="0.012">
    </testcase>
    <testcase classname="ProfileMaterialPage shows success message after save" name="ProfileMaterialPage shows success message after save" time="0.015">
    </testcase>
    <testcase classname="ProfileMaterialPage shows saving state during save" name="ProfileMaterialPage shows saving state during save" time="0.015">
    </testcase>
    <testcase classname="ProfileMaterialPage updates persisted snapshot after reorder save" name="ProfileMaterialPage updates persisted snapshot after reorder save" time="0.014">
    </testcase>
    <testcase classname="ProfileMaterialPage handles save failure gracefully" name="ProfileMaterialPage handles save failure gracefully" time="0.023">
    </testcase>
    <testcase classname="ProfileMaterialPage handles reorder save failure" name="ProfileMaterialPage handles reorder save failure" time="0.015">
    </testcase>
    <testcase classname="ProfileMaterialPage saves personal info successfully" name="ProfileMaterialPage saves personal info successfully" time="0.015">
    </testcase>
    <testcase classname="ProfileMaterialPage refuses personal info save when name is empty" name="ProfileMaterialPage refuses personal info save when name is empty" time="0.015">
    </testcase>
    <testcase classname="ProfileMaterialPage handles personal info save failure" name="ProfileMaterialPage handles personal info save failure" time="0.013">
    </testcase>
    <testcase classname="ProfileMaterialPage loads personal info from current user" name="ProfileMaterialPage loads personal info from current user" time="0.012">
    </testcase>
    <testcase classname="ProfileMaterialPage validates project field and URL for non-submitted state" name="ProfileMaterialPage validates project field and URL for non-submitted state" time="0.013">
    </testcase>
    <testcase classname="ProfileMaterialPage validates skill field" name="ProfileMaterialPage validates skill field" time="0.013">
    </testcase>
    <testcase classname="ProfileMaterialPage validates achievement field" name="ProfileMaterialPage validates achievement field" time="0.013">
    </testcase>
    <testcase classname="ProfileMaterialPage validates degree field" name="ProfileMaterialPage validates degree field" time="0.012">
    </testcase>
    <testcase classname="ProfileMaterialPage validates hobby field" name="ProfileMaterialPage validates hobby field" time="0.022">
    </testcase>
    <testcase classname="ProfileMaterialPage creates and selects skill category from query" name="ProfileMaterialPage creates and selects skill category from query" time="0.029">
    </testcase>
    <testcase classname="ProfileMaterialPage creates standalone skill category" name="ProfileMaterialPage creates standalone skill category" time="0.013">
    </testcase>
    <testcase classname="ProfileMaterialPage handles skill category creation failure" name="ProfileMaterialPage handles skill category creation failure" time="0.013">
    </testcase>
    <testcase classname="ProfileMaterialPage handles createAndSelectSkillCategory when already exists" name="ProfileMaterialPage handles createAndSelectSkillCategory when already exists" time="0.013">
    </testcase>
    <testcase classname="ProfileMaterialPage selects and clears skill category" name="ProfileMaterialPage selects and clears skill category" time="0.013">
    </testcase>
    <testcase classname="ProfileMaterialPage sets skill category query and new name" name="ProfileMaterialPage sets skill category query and new name" time="0.012">
    </testcase>
    <testcase classname="ProfileMaterialPage toggles project achievement off" name="ProfileMaterialPage toggles project achievement off" time="0.012">
    </testcase>
    <testcase classname="ProfileMaterialPage toggles project achievement on via add" name="ProfileMaterialPage toggles project achievement on via add" time="0.012">
    </testcase>
    <testcase classname="ProfileMaterialPage creates and links project achievement from picker - existing match" name="ProfileMaterialPage creates and links project achievement from picker - existing match" time="0.013">
    </testcase>
    <testcase classname="ProfileMaterialPage creates and links project achievement from picker - error" name="ProfileMaterialPage creates and links project achievement from picker - error" time="0.02">
    </testcase>
    <testcase classname="ProfileMaterialPage createAndLinkProjectAchievement with empty title" name="ProfileMaterialPage createAndLinkProjectAchievement with empty title" time="0.014">
    </testcase>
    <testcase classname="ProfileMaterialPage createAndLinkProjectAchievement with existing achievement" name="ProfileMaterialPage createAndLinkProjectAchievement with existing achievement" time="0.012">
    </testcase>
    <testcase classname="ProfileMaterialPage createAndLinkProjectAchievement error path" name="ProfileMaterialPage createAndLinkProjectAchievement error path" time="0.013">
    </testcase>
    <testcase classname="ProfileMaterialPage sets project achievement query" name="ProfileMaterialPage sets project achievement query" time="0.012">
    </testcase>
    <testcase classname="ProfileMaterialPage onSkillCategoryCreate with existing category" name="ProfileMaterialPage onSkillCategoryCreate with existing category" time="0.012">
    </testcase>
    <testcase classname="ProfileMaterialPage updates an existing job via save" name="ProfileMaterialPage updates an existing job via save" time="0.012">
    </testcase>
    <testcase classname="ProfileMaterialPage updates an existing achievement" name="ProfileMaterialPage updates an existing achievement" time="0.015">
    </testcase>
    <testcase classname="ProfileMaterialPage refuses achievement save without title" name="ProfileMaterialPage refuses achievement save without title" time="0.013">
    </testcase>
    <testcase classname="ProfileMaterialPage edits a degree and resets form" name="ProfileMaterialPage edits a degree and resets form" time="0.012">
    </testcase>
    <testcase classname="ProfileMaterialPage edits a hobby and resets form" name="ProfileMaterialPage edits a hobby and resets form" time="0.02">
    </testcase>
    <testcase classname="ProfileMaterialPage edits an asset and resets form" name="ProfileMaterialPage edits an asset and resets form" time="0.013">
    </testcase>
    <testcase classname="ProfileMaterialPage sets asset form value" name="ProfileMaterialPage sets asset form value" time="0.012">
    </testcase>
    <testcase classname="ProfileMaterialPage handles asset file selection" name="ProfileMaterialPage handles asset file selection" time="0.012">
    </testcase>
    <testcase classname="ProfileMaterialPage onAssetFileSelected with no files" name="ProfileMaterialPage onAssetFileSelected with no files" time="0.012">
    </testcase>
    <testcase classname="ProfileMaterialPage saves asset with file (create)" name="ProfileMaterialPage saves asset with file (create)" time="0.015">
    </testcase>
    <testcase classname="ProfileMaterialPage saves asset without file in update mode" name="ProfileMaterialPage saves asset without file in update mode" time="0.013">
    </testcase>
    <testcase classname="ProfileMaterialPage refuses asset save without file in create mode" name="ProfileMaterialPage refuses asset save without file in create mode" time="0.012">
    </testcase>
    <testcase classname="ProfileMaterialPage edits a project" name="ProfileMaterialPage edits a project" time="0.012">
    </testcase>
    <testcase classname="ProfileMaterialPage handles project picture selection" name="ProfileMaterialPage handles project picture selection" time="0.012">
    </testcase>
    <testcase classname="ProfileMaterialPage reorders projects and saves" name="ProfileMaterialPage reorders projects and saves" time="0.013">
    </testcase>
    <testcase classname="ProfileMaterialPage reorders skills and saves" name="ProfileMaterialPage reorders skills and saves" time="0.02">
    </testcase>
    <testcase classname="ProfileMaterialPage reorders achievements, degrees, hobbies, assets" name="ProfileMaterialPage reorders achievements, degrees, hobbies, assets" time="0.012">
    </testcase>
    <testcase classname="ProfileMaterialPage sets skill level" name="ProfileMaterialPage sets skill level" time="0.013">
    </testcase>
    <testcase classname="ProfileMaterialPage deselects project achievements from picker" name="ProfileMaterialPage deselects project achievements from picker" time="0.013">
    </testcase>
    <testcase classname="ProfileMaterialPage reports isSaving for active section" name="ProfileMaterialPage reports isSaving for active section" time="0.012">
    </testcase>
    <testcase classname="ProfileMaterialPage updates persisted snapshot for all sections" name="ProfileMaterialPage updates persisted snapshot for all sections" time="0.011">
    </testcase>
    <testcase classname="ProfileMaterialPage computes selectedProjectAchievements" name="ProfileMaterialPage computes selectedProjectAchievements" time="0.012">
    </testcase>
    <testcase classname="ProfileMaterialPage computes filteredAvailableProjectAchievements with query" name="ProfileMaterialPage computes filteredAvailableProjectAchievements with query" time="0.012">
    </testcase>
    <testcase classname="ProfileMaterialPage computes canCreateProjectAchievement when creating" name="ProfileMaterialPage computes canCreateProjectAchievement when creating" time="0.012">
    </testcase>
    <testcase classname="ProfileMaterialPage computes selectedSkillCategory when not found" name="ProfileMaterialPage computes selectedSkillCategory when not found" time="0.012">
    </testcase>
    <testcase classname="ProfileMaterialPage computes filteredSkillCategories with query excluding selected" name="ProfileMaterialPage computes filteredSkillCategories with query excluding selected" time="0.019">
    </testcase>
    <testcase classname="ProfileMaterialPage computes canCreateStandaloneSkillCategory false when empty" name="ProfileMaterialPage computes canCreateStandaloneSkillCategory false when empty" time="0.014">
    </testcase>
    <testcase classname="ProfileMaterialPage computes canCreateSkillCategoryFromQuery" name="ProfileMaterialPage computes canCreateSkillCategoryFromQuery" time="0.013">
    </testcase>
    <testcase classname="ProfileMaterialPage computes picker items" name="ProfileMaterialPage computes picker items" time="0.013">
    </testcase>
    <testcase classname="ProfileMaterialPage computes selectedProjectFileIds and selectedSkillCategoryIds empty" name="ProfileMaterialPage computes selectedProjectFileIds and selectedSkillCategoryIds empty" time="0.012">
    </testcase>
    <testcase classname="ProfileMaterialPage computes currentUserName when user is null" name="ProfileMaterialPage computes currentUserName when user is null" time="0.011">
    </testcase>
    <testcase classname="ProfileMaterialPage calls scrollToSection without crashing" name="ProfileMaterialPage calls scrollToSection without crashing" time="0.012">
    </testcase>
    <testcase classname="ProfileMaterialPage detects subsequence at end of value" name="ProfileMaterialPage detects subsequence at end of value" time="0.011">
    </testcase>
    <testcase classname="ProfileMaterialPage detects non-subsequence with partial match" name="ProfileMaterialPage detects non-subsequence with partial match" time="0.011">
    </testcase>
    <testcase classname="ProfileMaterialPage matches fuzzy query via subsequence" name="ProfileMaterialPage matches fuzzy query via subsequence" time="0.012">
    </testcase>
    <testcase classname="ProfileMaterialPage normalizes undefined HTML editor value" name="ProfileMaterialPage normalizes undefined HTML editor value" time="0.011">
    </testcase>
    <testcase classname="ProfileMaterialPage normalizes HTML with non-breaking spaces only" name="ProfileMaterialPage normalizes HTML with non-breaking spaces only" time="0.017">
    </testcase>
    <testcase classname="ProfileMaterialPage converts non-finite to null" name="ProfileMaterialPage converts non-finite to null" time="0.012">
    </testcase>
    <testcase classname="ProfileMaterialPage canCreateSkillCategory false when creating" name="ProfileMaterialPage canCreateSkillCategory false when creating" time="0.011">
    </testcase>
    <testcase classname="ProfileMaterialPage canCreateSkillCategory false when duplicate" name="ProfileMaterialPage canCreateSkillCategory false when duplicate" time="0.011">
    </testcase>
    <testcase classname="ProfileMaterialPage shows error when saveSection operation fails" name="ProfileMaterialPage shows error when saveSection operation fails" time="0.012">
    </testcase>
  </testsuite>
  <testsuite name="TemplatePreviewList" errors="0" failures="0" skipped="0" timestamp="2026-05-21T19:33:26" time="0.652" tests="16">
    <testcase classname="TemplatePreviewList loads preview data on init" name="TemplatePreviewList loads preview data on init" time="0.144">
    </testcase>
    <testcase classname="TemplatePreviewList handles fetch error" name="TemplatePreviewList handles fetch error" time="0.092">
    </testcase>
    <testcase classname="TemplatePreviewList toggles A4 preview on and off" name="TemplatePreviewList toggles A4 preview on and off" time="0.003">
    </testcase>
    <testcase classname="TemplatePreviewList does not toggle A4 when allowA4Toggle is false" name="TemplatePreviewList does not toggle A4 when allowA4Toggle is false" time="0.002">
    </testcase>
    <testcase classname="TemplatePreviewList isA4PreviewEnabled returns true when forceA4 is set" name="TemplatePreviewList isA4PreviewEnabled returns true when forceA4 is set" time="0.001">
    </testcase>
    <testcase classname="TemplatePreviewList limits templates" name="TemplatePreviewList limits templates" time="0.007">
    </testcase>
    <testcase classname="TemplatePreviewList returns all templates when limit exceeds total" name="TemplatePreviewList returns all templates when limit exceeds total" time="0.017">
    </testcase>
    <testcase classname="TemplatePreviewList does not start auto-loop when autoLoop is false" name="TemplatePreviewList does not start auto-loop when autoLoop is false" time="0.101">
    </testcase>
    <testcase classname="TemplatePreviewList does not start auto-loop while loading" name="TemplatePreviewList does not start auto-loop while loading" time="0.001">
    </testcase>
    <testcase classname="TemplatePreviewList does not start auto-loop when error is set" name="TemplatePreviewList does not start auto-loop when error is set" time="0.002">
    </testcase>
    <testcase classname="TemplatePreviewList cleans up on destroy" name="TemplatePreviewList cleans up on destroy" time="0.131">
    </testcase>
    <testcase classname="TemplatePreviewList accepts showChrome input" name="TemplatePreviewList accepts showChrome input" time="0.005">
    </testcase>
    <testcase classname="TemplatePreviewList getTemplatesForPreview handles limit of 1" name="TemplatePreviewList getTemplatesForPreview handles limit of 1" time="0.002">
    </testcase>
    <testcase classname="TemplatePreviewList getTemplatesForPreview handles zero and null limits" name="TemplatePreviewList getTemplatesForPreview handles zero and null limits" time="0.001">
    </testcase>
    <testcase classname="TemplatePreviewList starts and stops auto-loop when the container can scroll" name="TemplatePreviewList starts and stops auto-loop when the container can scroll" time="0.002">
    </testcase>
    <testcase classname="TemplatePreviewList auto-loop step reverses direction at scroll bounds" name="TemplatePreviewList auto-loop step reverses direction at scroll bounds" time="0.002">
    </testcase>
  </testsuite>
  <testsuite name="TokenManagementPage" errors="0" failures="0" skipped="0" timestamp="2026-05-21T19:33:27" time="0.294" tests="10">
    <testcase classname="TokenManagementPage creates and loads AI tokens" name="TokenManagementPage creates and loads AI tokens" time="0.076">
    </testcase>
    <testcase classname="TokenManagementPage computes active, revoked and expiring token counts" name="TokenManagementPage computes active, revoked and expiring token counts" time="0.012">
    </testcase>
    <testcase classname="TokenManagementPage returns labels for every token status" name="TokenManagementPage returns labels for every token status" time="0.015">
    </testcase>
    <testcase classname="TokenManagementPage renders the compact MCP config helper inside the token page" name="TokenManagementPage renders the compact MCP config helper inside the token page" time="0.011">
    </testcase>
    <testcase classname="TokenManagementPage creates a token, shows the one-time secret and refreshes tokens" name="TokenManagementPage creates a token, shows the one-time secret and refreshes tokens" time="0.011">
    </testcase>
    <testcase classname="TokenManagementPage validates token label before creation" name="TokenManagementPage validates token label before creation" time="0.01">
    </testcase>
    <testcase classname="TokenManagementPage handles token creation errors" name="TokenManagementPage handles token creation errors" time="0.015">
    </testcase>
    <testcase classname="TokenManagementPage revokes a token and reloads tokens" name="TokenManagementPage revokes a token and reloads tokens" time="0.01">
    </testcase>
    <testcase classname="TokenManagementPage handles token load and revoke errors" name="TokenManagementPage handles token load and revoke errors" time="0.01">
    </testcase>
    <testcase classname="TokenManagementPage copies the latest created token only when available" name="TokenManagementPage copies the latest created token only when available" time="0.011">
    </testcase>
  </testsuite>
  <testsuite name="HomePage" errors="0" failures="0" skipped="0" timestamp="2026-05-21T19:33:27" time="0.52" tests="29">
    <testcase classname="HomePage should create" name="HomePage should create" time="0.045">
    </testcase>
    <testcase classname="HomePage returns template label for known template" name="HomePage returns template label for known template" time="0.023">
    </testcase>
    <testcase classname="HomePage returns fallback for unknown template" name="HomePage returns fallback for unknown template" time="0.09">
    </testcase>
    <testcase classname="HomePage returns template required when undefined" name="HomePage returns template required when undefined" time="0.015">
    </testcase>
    <testcase classname="HomePage returns visibility label for private profile" name="HomePage returns visibility label for private profile" time="0.01">
    </testcase>
    <testcase classname="HomePage returns visibility label for public profile" name="HomePage returns visibility label for public profile" time="0.011">
    </testcase>
    <testcase classname="HomePage returns unavailable when no template" name="HomePage returns unavailable when no template" time="0.008">
    </testcase>
    <testcase classname="HomePage returns visibility tone for all states" name="HomePage returns visibility tone for all states" time="0.008">
    </testcase>
    <testcase classname="HomePage returns status label for known and unknown statuses" name="HomePage returns status label for known and unknown statuses" time="0.007">
    </testcase>
    <testcase classname="HomePage returns status tone for known and unknown statuses" name="HomePage returns status tone for known and unknown statuses" time="0.006">
    </testcase>
    <testcase classname="HomePage should save template changes immediately" name="HomePage should save template changes immediately" time="0.007">
    </testcase>
    <testcase classname="HomePage rejects template change with empty template" name="HomePage rejects template change with empty template" time="0.006">
    </testcase>
    <testcase classname="HomePage handles template change error" name="HomePage handles template change error" time="0.026">
    </testcase>
    <testcase classname="HomePage creates a profile and navigates to editor" name="HomePage creates a profile and navigates to editor" time="0.007">
    </testcase>
    <testcase classname="HomePage validates required profile creation fields" name="HomePage validates required profile creation fields" time="0.007">
    </testcase>
    <testcase classname="HomePage handles profile creation error" name="HomePage handles profile creation error" time="0.007">
    </testcase>
    <testcase classname="HomePage should delete a profile after confirmation" name="HomePage should delete a profile after confirmation" time="0.007">
    </testcase>
    <testcase classname="HomePage should not delete a profile when confirmation is cancelled" name="HomePage should not delete a profile when confirmation is cancelled" time="0.006">
    </testcase>
    <testcase classname="HomePage handles delete profile error" name="HomePage handles delete profile error" time="0.007">
    </testcase>
    <testcase classname="HomePage toggles public state successfully" name="HomePage toggles public state successfully" time="0.006">
    </testcase>
    <testcase classname="HomePage skips toggle public when no template" name="HomePage skips toggle public when no template" time="0.006">
    </testcase>
    <testcase classname="HomePage handles toggle public error" name="HomePage handles toggle public error" time="0.006">
    </testcase>
    <testcase classname="HomePage changes profile status successfully" name="HomePage changes profile status successfully" time="0.006">
    </testcase>
    <testcase classname="HomePage handles change status error" name="HomePage handles change status error" time="0.007">
    </testcase>
    <testcase classname="HomePage handles loadProfiles error" name="HomePage handles loadProfiles error" time="0.007">
    </testcase>
    <testcase classname="HomePage handles loadAiTokens error gracefully" name="HomePage handles loadAiTokens error gracefully" time="0.006">
    </testcase>
    <testcase classname="HomePage computes profile counts" name="HomePage computes profile counts" time="0.006">
    </testcase>
    <testcase classname="HomePage computes active AI token count" name="HomePage computes active AI token count" time="0.006">
    </testcase>
    <testcase classname="HomePage computes currentUserName with null user" name="HomePage computes currentUserName with null user" time="0.006">
    </testcase>
  </testsuite>
  <testsuite name="Navbar" errors="0" failures="0" skipped="0" timestamp="2026-05-21T19:33:28" time="0.191" tests="9">
    <testcase classname="Navbar should create" name="Navbar should create" time="0.018">
    </testcase>
    <testcase classname="Navbar loads bug report URL from runtime config" name="Navbar loads bug report URL from runtime config" time="0.058">
    </testcase>
    <testcase classname="Navbar handles runtime config fetch failure gracefully" name="Navbar handles runtime config fetch failure gracefully" time="0.009">
    </testcase>
    <testcase classname="Navbar handles runtime config non-ok response" name="Navbar handles runtime config non-ok response" time="0.006">
    </testcase>
    <testcase classname="Navbar handles runtime config with empty bugReportUrl" name="Navbar handles runtime config with empty bugReportUrl" time="0.004">
    </testcase>
    <testcase classname="Navbar handles runtime config with non-string bugReportUrl" name="Navbar handles runtime config with non-string bugReportUrl" time="0.003">
    </testcase>
    <testcase classname="Navbar calls logout and redirects to login" name="Navbar calls logout and redirects to login" time="0.005">
    </testcase>
    <testcase classname="Navbar isAuthenticated reflects auth service state" name="Navbar isAuthenticated reflects auth service state" time="0.005">
    </testcase>
    <testcase classname="Navbar shows tokens navigation without standalone MCP config navigation" name="Navbar shows tokens navigation without standalone MCP config navigation" time="0.003">
    </testcase>
  </testsuite>
  <testsuite name="TooltipDirective" errors="0" failures="0" skipped="0" timestamp="2026-05-21T19:33:28" time="0.312" tests="12">
    <testcase classname="TooltipDirective should create" name="TooltipDirective should create" time="0.025">
    </testcase>
    <testcase classname="TooltipDirective should not show tooltip before hover" name="TooltipDirective should not show tooltip before hover" time="0.009">
    </testcase>
    <testcase classname="TooltipDirective shows tooltip after hover delay" name="TooltipDirective shows tooltip after hover delay" time="0.053">
    </testcase>
    <testcase classname="TooltipDirective removes tooltip on mouseleave" name="TooltipDirective removes tooltip on mouseleave" time="0.011">
    </testcase>
    <testcase classname="TooltipDirective follows pointer movement while visible" name="TooltipDirective follows pointer movement while visible" time="0.004">
    </testcase>
    <testcase classname="TooltipDirective does not render empty tooltip content" name="TooltipDirective does not render empty tooltip content" time="0.015">
    </testcase>
    <testcase classname="TooltipDirective keeps only one tooltip in the document" name="TooltipDirective keeps only one tooltip in the document" time="0.053">
    </testcase>
    <testcase classname="TooltipDirective does not show stale tooltip after rapid enter and leave" name="TooltipDirective does not show stale tooltip after rapid enter and leave" time="0.008">
    </testcase>
    <testcase classname="TooltipDirective cancels first pending tooltip when hovering another trigger" name="TooltipDirective cancels first pending tooltip when hovering another trigger" time="0.015">
    </testcase>
    <testcase classname="TooltipDirective cleans up tooltip when host is destroyed" name="TooltipDirective cleans up tooltip when host is destroyed" time="0.01">
    </testcase>
    <testcase classname="TooltipDirective shows and hides tooltip from keyboard focus" name="TooltipDirective shows and hides tooltip from keyboard focus" time="0.009">
    </testcase>
    <testcase classname="TooltipDirective keeps tooltip inside viewport edges" name="TooltipDirective keeps tooltip inside viewport edges" time="0.006">
    </testcase>
  </testsuite>
  <testsuite name="ClassicCvPage" errors="0" failures="0" skipped="0" timestamp="2026-05-21T19:33:29" time="0.375" tests="18">
    <testcase classname="ClassicCvPage should create" name="ClassicCvPage should create" time="0.107">
    </testcase>
    <testcase classname="ClassicCvPage groups jobs by company" name="ClassicCvPage groups jobs by company" time="0.006">
    </testcase>
    <testcase classname="ClassicCvPage returns empty for null/undefined/empty jobs" name="ClassicCvPage returns empty for null/undefined/empty jobs" time="0.003">
    </testcase>
    <testcase classname="ClassicCvPage handles company with whitespace" name="ClassicCvPage handles company with whitespace" time="0.003">
    </testcase>
    <testcase classname="ClassicCvPage returns duration for multi-year span" name="ClassicCvPage returns duration for multi-year span" time="0.011">
    </testcase>
    <testcase classname="ClassicCvPage returns duration for single month" name="ClassicCvPage returns duration for single month" time="0.006">
    </testcase>
    <testcase classname="ClassicCvPage returns empty for invalid start date" name="ClassicCvPage returns empty for invalid start date" time="0.004">
    </testcase>
    <testcase classname="ClassicCvPage returns empty for end date before start" name="ClassicCvPage returns empty for end date before start" time="0.004">
    </testcase>
    <testcase classname="ClassicCvPage returns empty for NaN end date" name="ClassicCvPage returns empty for NaN end date" time="0.003">
    </testcase>
    <testcase classname="ClassicCvPage returns 1 year exactly" name="ClassicCvPage returns 1 year exactly" time="0.002">
    </testcase>
    <testcase classname="ClassicCvPage returns formatted date" name="ClassicCvPage returns formatted date" time="0.072">
    </testcase>
    <testcase classname="ClassicCvPage returns empty for null date" name="ClassicCvPage returns empty for null date" time="0.002">
    </testcase>
    <testcase classname="ClassicCvPage returns empty for NaN date" name="ClassicCvPage returns empty for NaN date" time="0.002">
    </testcase>
    <testcase classname="ClassicCvPage loads CV data on init with cvProfileId" name="ClassicCvPage loads CV data on init with cvProfileId" time="0.003">
    </testcase>
    <testcase classname="ClassicCvPage sets cvData to previewData when provided" name="ClassicCvPage sets cvData to previewData when provided" time="0.004">
    </testcase>
    <testcase classname="ClassicCvPage sets cvData to null when cvProfileId is null" name="ClassicCvPage sets cvData to null when cvProfileId is null" time="0.003">
    </testcase>
    <testcase classname="ClassicCvPage handles loadCvData error" name="ClassicCvPage handles loadCvData error" time="0.005">
    </testcase>
    <testcase classname="ClassicCvPage ignores stale cvProfileId requests" name="ClassicCvPage ignores stale cvProfileId requests" time="0.001">
    </testcase>
  </testsuite>
  <testsuite name="cv-template-registry" errors="0" failures="0" skipped="0" timestamp="2026-05-21T19:33:29" time="0.118" tests="2">
    <testcase classname="cv-template-registry recognizes known templates" name="cv-template-registry recognizes known templates" time="0">
    </testcase>
    <testcase classname="cv-template-registry rejects unknown and falsy templates" name="cv-template-registry rejects unknown and falsy templates" time="0">
    </testcase>
  </testsuite>
  <testsuite name="CvShellPage" errors="0" failures="0" skipped="0" timestamp="2026-05-21T19:33:29" time="0.164" tests="13">
    <testcase classname="CvShellPage should create" name="CvShellPage should create" time="0.02">
    </testcase>
    <testcase classname="CvShellPage shows the admin bar for the profile owner" name="CvShellPage shows the admin bar for the profile owner" time="0.005">
    </testcase>
    <testcase classname="CvShellPage opens speed dial actions from the admin trigger" name="CvShellPage opens speed dial actions from the admin trigger" time="0.008">
    </testcase>
    <testcase classname="CvShellPage hides the admin bar when the authenticated user does not own the profile" name="CvShellPage hides the admin bar when the authenticated user does not own the profile" time="0.004">
    </testcase>
    <testcase classname="CvShellPage toggles preview mode from the admin bar" name="CvShellPage toggles preview mode from the admin bar" time="0.007">
    </testcase>
    <testcase classname="CvShellPage calls window.print when clicking print" name="CvShellPage calls window.print when clicking print" time="0.005">
    </testcase>
    <testcase classname="CvShellPage routes manage action to the current profile editor" name="CvShellPage routes manage action to the current profile editor" time="0.004">
    </testcase>
    <testcase classname="CvShellPage dismisses admin bar" name="CvShellPage dismisses admin bar" time="0.002">
    </testcase>
    <testcase classname="CvShellPage handles loadProfile error" name="CvShellPage handles loadProfile error" time="0.006">
    </testcase>
    <testcase classname="CvShellPage computes templateLabel for unknown template" name="CvShellPage computes templateLabel for unknown template" time="0.003">
    </testcase>
    <testcase classname="CvShellPage computes templateComponent for unknown template as null" name="CvShellPage computes templateComponent for unknown template as null" time="0.002">
    </testcase>
    <testcase classname="CvShellPage computes isOwner when profile is null" name="CvShellPage computes isOwner when profile is null" time="0.002">
    </testcase>
    <testcase classname="CvShellPage toggles preview mode and shows status" name="CvShellPage toggles preview mode and shows status" time="0.001">
    </testcase>
  </testsuite>
  <testsuite name="CV template page logic" errors="0" failures="0" skipped="0" timestamp="2026-05-21T19:33:29" time="0.196" tests="7">
    <testcase classname="CV template page logic covers minimal template formatting helpers and load states" name="CV template page logic covers minimal template formatting helpers and load states" time="0.108">
    </testcase>
    <testcase classname="CV template page logic covers modern template extra helpers and load states" name="CV template page logic covers modern template extra helpers and load states" time="0.002">
    </testcase>
    <testcase classname="CV template page logic covers supa template grouping, classes and source calculations" name="CV template page logic covers supa template grouping, classes and source calculations" time="0.002">
    </testcase>
    <testcase classname="CV template page logic covers bento template display, role and experience helpers" name="CV template page logic covers bento template display, role and experience helpers" time="0.004">
    </testcase>
    <testcase classname="CV template page logic covers bento fallback helpers and A4 fitting branches" name="CV template page logic covers bento fallback helpers and A4 fitting branches" time="0.002">
    </testcase>
    <testcase classname="CV template page logic covers supa loading, project ordering and fitting branches" name="CV template page logic covers supa loading, project ordering and fitting branches" time="0.002">
    </testcase>
    <testcase classname="CV template page logic covers template pages error and previewData load paths" name="CV template page logic covers template pages error and previewData load paths" time="0.002">
    </testcase>
  </testsuite>
  <testsuite name="LoginPage" errors="0" failures="0" skipped="0" timestamp="2026-05-21T19:33:30" time="0.156" tests="2">
    <testcase classname="LoginPage should create" name="LoginPage should create" time="0.033">
    </testcase>
    <testcase classname="LoginPage redirects to home after successful login" name="LoginPage redirects to home after successful login" time="0.007">
    </testcase>
  </testsuite>
  <testsuite name="ProfileEditorPage" errors="0" failures="0" skipped="0" timestamp="2026-05-21T19:33:30" time="0.176" tests="14">
    <testcase classname="ProfileEditorPage adds and removes relation ids without duplicating them" name="ProfileEditorPage adds and removes relation ids without duplicating them" time="0.005">
    </testcase>
    <testcase classname="ProfileEditorPage sets professional summary" name="ProfileEditorPage sets professional summary" time="0.002">
    </testcase>
    <testcase classname="ProfileEditorPage sets link override field" name="ProfileEditorPage sets link override field" time="0.002">
    </testcase>
    <testcase classname="ProfileEditorPage sets status" name="ProfileEditorPage sets status" time="0.001">
    </testcase>
    <testcase classname="ProfileEditorPage gets status option for known and unknown statuses" name="ProfileEditorPage gets status option for known and unknown statuses" time="0.001">
    </testcase>
    <testcase classname="ProfileEditorPage reads and writes template extra values" name="ProfileEditorPage reads and writes template extra values" time="0.001">
    </testcase>
    <testcase classname="ProfileEditorPage updates profile summary, link overrides and status" name="ProfileEditorPage updates profile summary, link overrides and status" time="0.002">
    </testcase>
    <testcase classname="ProfileEditorPage returns linked and available records for all relation types" name="ProfileEditorPage returns linked and available records for all relation types" time="0.002">
    </testcase>
    <testcase classname="ProfileEditorPage describes extra source records and selected pictures" name="ProfileEditorPage describes extra source records and selected pictures" time="0.001">
    </testcase>
    <testcase classname="ProfileEditorPage saves a valid profile and reports validation errors" name="ProfileEditorPage saves a valid profile and reports validation errors" time="0.001">
    </testcase>
    <testcase classname="ProfileEditorPage loads editor data and handles load failures" name="ProfileEditorPage loads editor data and handles load failures" time="0.009">
    </testcase>
    <testcase classname="ProfileEditorPage keeps no-op state for null editor state branches" name="ProfileEditorPage keeps no-op state for null editor state branches" time="0.001">
    </testcase>
    <testcase classname="ProfileEditorPage covers extra source record sources and fallback descriptions" name="ProfileEditorPage covers extra source record sources and fallback descriptions" time="0.002">
    </testcase>
    <testcase classname="ProfileEditorPage handles save no-op and save errors" name="ProfileEditorPage handles save no-op and save errors" time="0.001">
    </testcase>
  </testsuite>
  <testsuite name="cvAccessGuard" errors="0" failures="0" skipped="0" timestamp="2026-05-21T19:33:30" time="0.12" tests="7">
    <testcase classname="cvAccessGuard redirects unauthenticated unknown slugs to login" name="cvAccessGuard redirects unauthenticated unknown slugs to login" time="0.005">
    </testcase>
    <testcase classname="cvAccessGuard redirects authenticated unknown slugs to home" name="cvAccessGuard redirects authenticated unknown slugs to home" time="0.002">
    </testcase>
    <testcase classname="cvAccessGuard allows valid public CV slugs" name="cvAccessGuard allows valid public CV slugs" time="0.002">
    </testcase>
    <testcase classname="cvAccessGuard allows missing slug routes without loading a profile" name="cvAccessGuard allows missing slug routes without loading a profile" time="0.002">
    </testcase>
    <testcase classname="cvAccessGuard redirects anonymous users away from private profiles" name="cvAccessGuard redirects anonymous users away from private profiles" time="0.002">
    </testcase>
    <testcase classname="cvAccessGuard redirects authenticated non-owners away from private profiles" name="cvAccessGuard redirects authenticated non-owners away from private profiles" time="0.001">
    </testcase>
    <testcase classname="cvAccessGuard allows private profile owners" name="cvAccessGuard allows private profile owners" time="0.001">
    </testcase>
  </testsuite>
  <testsuite name="CardProject" errors="0" failures="0" skipped="0" timestamp="2026-05-21T19:33:30" time="0.092" tests="4">
    <testcase classname="CardProject should create" name="CardProject should create" time="0.025">
    </testcase>
    <testcase classname="CardProject should infer github icon from url" name="CardProject should infer github icon from url" time="0.003">
    </testcase>
    <testcase classname="CardProject should fallback to default icon for unknown domains" name="CardProject should fallback to default icon for unknown domains" time="0.002">
    </testcase>
    <testcase classname="CardProject should infer known project URL icons and default fallbacks" name="CardProject should infer known project URL icons and default fallbacks" time="0.003">
    </testcase>
  </testsuite>
  <testsuite name="ProjectChip" errors="0" failures="0" skipped="0" timestamp="2026-05-21T19:33:30" time="0.086" tests="1">
    <testcase classname="ProjectChip should create" name="ProjectChip should create" time="0.022">
    </testcase>
  </testsuite>
  <testsuite name="PickerComponent" errors="0" failures="0" skipped="0" timestamp="2026-05-21T19:33:30" time="0.281" tests="5">
    <testcase classname="PickerComponent should create" name="PickerComponent should create" time="0.033">
    </testcase>
    <testcase classname="PickerComponent should open panel on trigger click" name="PickerComponent should open panel on trigger click" time="0.009">
    </testcase>
    <testcase classname="PickerComponent should filter items on search" name="PickerComponent should filter items on search" time="0.007">
    </testcase>
    <testcase classname="PickerComponent should emit selectionChange on item click in multi mode" name="PickerComponent should emit selectionChange on item click in multi mode" time="0.005">
    </testcase>
    <testcase classname="PickerComponent should emit create event on create button click" name="PickerComponent should emit create event on create button click" time="0.005">
    </testcase>
  </testsuite>
  <testsuite name="HelpModalComponent" errors="0" failures="0" skipped="0" timestamp="2026-05-21T19:33:31" time="0.149" tests="6">
    <testcase classname="HelpModalComponent should create" name="HelpModalComponent should create" time="0.025">
    </testcase>
    <testcase classname="HelpModalComponent should not render when closed" name="HelpModalComponent should not render when closed" time="0.003">
    </testcase>
    <testcase classname="HelpModalComponent should render when open" name="HelpModalComponent should render when open" time="0.011">
    </testcase>
    <testcase classname="HelpModalComponent should emit close on backdrop click" name="HelpModalComponent should emit close on backdrop click" time="0.005">
    </testcase>
    <testcase classname="HelpModalComponent should not emit close on panel click" name="HelpModalComponent should not emit close on panel click" time="0.004">
    </testcase>
    <testcase classname="HelpModalComponent should emit close on escape key" name="HelpModalComponent should emit close on escape key" time="0.008">
    </testcase>
  </testsuite>
  <testsuite name="PocketBaseService" errors="0" failures="0" skipped="0" timestamp="2026-05-21T19:33:31" time="0.132" tests="28">
    <testcase classname="PocketBaseService normalizes profiles, expanded users and file fields" name="PocketBaseService normalizes profiles, expanded users and file fields" time="0.004">
    </testcase>
    <testcase classname="PocketBaseService returns null for blank users and normalizes fetched users" name="PocketBaseService returns null for blank users and normalizes fetched users" time="0.002">
    </testcase>
    <testcase classname="PocketBaseService loads ordered related records in the requested order" name="PocketBaseService loads ordered related records in the requested order" time="0.001">
    </testcase>
    <testcase classname="PocketBaseService creates, updates and deletes current user CV profiles" name="PocketBaseService creates, updates and deletes current user CV profiles" time="0.002">
    </testcase>
    <testcase classname="PocketBaseService validates required CV profile creation fields and authentication" name="PocketBaseService validates required CV profile creation fields and authentication" time="0.016">
    </testcase>
    <testcase classname="PocketBaseService creates and updates owned material records" name="PocketBaseService creates and updates owned material records" time="0.003">
    </testcase>
    <testcase classname="PocketBaseService reuses existing skill categories by normalized name" name="PocketBaseService reuses existing skill categories by normalized name" time="0.001">
    </testcase>
    <testcase classname="PocketBaseService handles AI tokens and user updates" name="PocketBaseService handles AI tokens and user updates" time="0.002">
    </testcase>
    <testcase classname="PocketBaseService builds complete CV data and resolves link overrides" name="PocketBaseService builds complete CV data and resolves link overrides" time="0.001">
    </testcase>
    <testcase classname="PocketBaseService parses date strings safely" name="PocketBaseService parses date strings safely" time="0.001">
    </testcase>
    <testcase classname="PocketBaseService resolves user links with override, null, and missing fields" name="PocketBaseService resolves user links with override, null, and missing fields" time="0.001">
    </testcase>
    <testcase classname="PocketBaseService gets profile by slug" name="PocketBaseService gets profile by slug" time="0.001">
    </testcase>
    <testcase classname="PocketBaseService gets all CV profiles" name="PocketBaseService gets all CV profiles" time="0.001">
    </testcase>
    <testcase classname="PocketBaseService gets current user CV profile by id" name="PocketBaseService gets current user CV profile by id" time="0.001">
    </testcase>
    <testcase classname="PocketBaseService sets link overrides for CV profile" name="PocketBaseService sets link overrides for CV profile" time="0.001">
    </testcase>
    <testcase classname="PocketBaseService sets status for CV profile" name="PocketBaseService sets status for CV profile" time="0.001">
    </testcase>
    <testcase classname="PocketBaseService updates sort orders" name="PocketBaseService updates sort orders" time="0.001">
    </testcase>
    <testcase classname="PocketBaseService normalizes project with null throws" name="PocketBaseService normalizes project with null throws" time="0.001">
    </testcase>
    <testcase classname="PocketBaseService normalizes skill with null throws" name="PocketBaseService normalizes skill with null throws" time="0.001">
    </testcase>
    <testcase classname="PocketBaseService normalizes media file with null throws" name="PocketBaseService normalizes media file with null throws" time="0.001">
    </testcase>
    <testcase classname="PocketBaseService normalizes CV profile with null throws" name="PocketBaseService normalizes CV profile with null throws" time="0.001">
    </testcase>
    <testcase classname="PocketBaseService handles project creation without currentUserId" name="PocketBaseService handles project creation without currentUserId" time="0.001">
    </testcase>
    <testcase classname="PocketBaseService handles media file creation with user" name="PocketBaseService handles media file creation with user" time="0">
    </testcase>
    <testcase classname="PocketBaseService gets projects and skills with normalization" name="PocketBaseService gets projects and skills with normalization" time="0.001">
    </testcase>
    <testcase classname="PocketBaseService gets editor data with all collections" name="PocketBaseService gets editor data with all collections" time="0.001">
    </testcase>
    <testcase classname="PocketBaseService gets profile material data" name="PocketBaseService gets profile material data" time="0.001">
    </testcase>
    <testcase classname="PocketBaseService creates AI token with expiresAt" name="PocketBaseService creates AI token with expiresAt" time="0.001">
    </testcase>
    <testcase classname="PocketBaseService normalizes skill without expand" name="PocketBaseService normalizes skill without expand" time="0">
    </testcase>
  </testsuite>
  <testsuite name="app routes" errors="0" failures="0" skipped="0" timestamp="2026-05-21T19:33:31" time="0.853" tests="1">
    <testcase classname="app routes keeps MCP tokens as the only MCP home page" name="app routes keeps MCP tokens as the only MCP home page" time="0.001">
    </testcase>
  </testsuite>
  <testsuite name="FormFieldComponent" errors="0" failures="0" skipped="0" timestamp="2026-05-21T19:33:32" time="0.309" tests="4">
    <testcase classname="FormFieldComponent should create" name="FormFieldComponent should create" time="0.047">
    </testcase>
    <testcase classname="FormFieldComponent should show required asterisk when required is true" name="FormFieldComponent should show required asterisk when required is true" time="0.017">
    </testcase>
    <testcase classname="FormFieldComponent should show error message when invalid and errorMessage set" name="FormFieldComponent should show error message when invalid and errorMessage set" time="0.014">
    </testcase>
    <testcase classname="FormFieldComponent should show helper text when not invalid" name="FormFieldComponent should show helper text when not invalid" time="0.004">
    </testcase>
  </testsuite>
  <testsuite name="SkillsPalette empty state" errors="0" failures="0" skipped="0" timestamp="2026-05-21T19:33:33" time="0.298" tests="3">
    <testcase classname="SkillsPalette empty state keeps an empty palette when no skills are returned" name="SkillsPalette empty state keeps an empty palette when no skills are returned" time="0.058">
    </testcase>
    <testcase classname="SkillsPalette should create" name="SkillsPalette should create" time="0.067">
    </testcase>
    <testcase classname="SkillsPalette loads skills and falls back to the default icon" name="SkillsPalette loads skills and falls back to the default icon" time="0.005">
    </testcase>
  </testsuite>
  <testsuite name="SortableListDirective" errors="0" failures="0" skipped="0" timestamp="2026-05-21T19:33:33" time="0.199" tests="3">
    <testcase classname="SortableListDirective should create" name="SortableListDirective should create" time="0.038">
    </testcase>
    <testcase classname="SortableListDirective should render items" name="SortableListDirective should render items" time="0.004">
    </testcase>
    <testcase classname="SortableListDirective should reorder items on drop" name="SortableListDirective should reorder items on drop" time="0.004">
    </testcase>
  </testsuite>
  <testsuite name="IconLabelData" errors="0" failures="0" skipped="0" timestamp="2026-05-21T19:33:33" time="0.1" tests="2">
    <testcase classname="IconLabelData should create" name="IconLabelData should create" time="0.014">
    </testcase>
    <testcase classname="IconLabelData should detect valid links" name="IconLabelData should detect valid links" time="0.003">
    </testcase>
  </testsuite>
  <testsuite name="CvProfileExtraService" errors="0" failures="0" skipped="0" timestamp="2026-05-21T19:33:33" time="0.168" tests="2">
    <testcase classname="CvProfileExtraService reads values from the active template namespace" name="CvProfileExtraService reads values from the active template namespace" time="0.002">
    </testcase>
    <testcase classname="CvProfileExtraService returns safe defaults for missing or incorrectly typed values" name="CvProfileExtraService returns safe defaults for missing or incorrectly typed values" time="0.001">
    </testcase>
  </testsuite>
  <testsuite name="authGuard" errors="0" failures="0" skipped="0" timestamp="2026-05-21T19:33:33" time="0.198" tests="4">
    <testcase classname="authGuard allows access when the user is authenticated" name="authGuard allows access when the user is authenticated" time="0.023">
    </testcase>
    <testcase classname="authGuard redirects to login when the user is not authenticated" name="authGuard redirects to login when the user is not authenticated" time="0.005">
    </testcase>
    <testcase classname="guestOnlyGuard allows access when the user is not authenticated" name="guestOnlyGuard allows access when the user is not authenticated" time="0.002">
    </testcase>
    <testcase classname="guestOnlyGuard redirects to home when the user is authenticated" name="guestOnlyGuard redirects to home when the user is authenticated" time="0.002">
    </testcase>
  </testsuite>
  <testsuite name="EmptyStateComponent" errors="0" failures="0" skipped="0" timestamp="2026-05-21T19:33:34" time="0.221" tests="4">
    <testcase classname="EmptyStateComponent should create" name="EmptyStateComponent should create" time="0.027">
    </testcase>
    <testcase classname="EmptyStateComponent should display title" name="EmptyStateComponent should display title" time="0.004">
    </testcase>
    <testcase classname="EmptyStateComponent should emit action on button click" name="EmptyStateComponent should emit action on button click" time="0.003">
    </testcase>
    <testcase classname="EmptyStateComponent should hide button when actionLabel is empty" name="EmptyStateComponent should hide button when actionLabel is empty" time="0.003">
    </testcase>
  </testsuite>
  <testsuite name="AuthService" errors="0" failures="0" skipped="0" timestamp="2026-05-21T19:33:34" time="0.144" tests="3">
    <testcase classname="AuthService initializes from PocketBase auth store and reacts to changes" name="AuthService initializes from PocketBase auth store and reacts to changes" time="0.006">
    </testcase>
    <testcase classname="AuthService logs in, refreshes and logs out" name="AuthService logs in, refreshes and logs out" time="0.002">
    </testcase>
    <testcase classname="AuthService does not refresh when there is no current user" name="AuthService does not refresh when there is no current user" time="0.001">
    </testcase>
  </testsuite>
  <testsuite name="HelpFabComponent" errors="0" failures="0" skipped="0" timestamp="2026-05-21T19:33:34" time="0.095" tests="2">
    <testcase classname="HelpFabComponent should create" name="HelpFabComponent should create" time="0.025">
    </testcase>
    <testcase classname="HelpFabComponent should emit open on click" name="HelpFabComponent should emit open on click" time="0.003">
    </testcase>
  </testsuite>
  <testsuite name="ai-token utilities" errors="0" failures="0" skipped="0" timestamp="2026-05-21T19:33:34" time="0.088" tests="5">
    <testcase classname="ai-token utilities generateAiTokenSecret returns a string with the resm_ prefix" name="ai-token utilities generateAiTokenSecret returns a string with the resm_ prefix" time="0.001">
    </testcase>
    <testcase classname="ai-token utilities generateAiTokenSecret generates different tokens on each call" name="ai-token utilities generateAiTokenSecret generates different tokens on each call" time="0">
    </testcase>
    <testcase classname="ai-token utilities getAiTokenPrefix extracts the first 16 characters" name="ai-token utilities getAiTokenPrefix extracts the first 16 characters" time="0">
    </testcase>
    <testcase classname="ai-token utilities getAiTokenPrefix returns the full string when shorter than 16 characters" name="ai-token utilities getAiTokenPrefix returns the full string when shorter than 16 characters" time="0">
    </testcase>
    <testcase classname="ai-token utilities getAiTokenPrefix returns an empty string for an empty token" name="ai-token utilities getAiTokenPrefix returns an empty string for an empty token" time="0.001">
    </testcase>
  </testsuite>
  <testsuite name="DiplomaChip" errors="0" failures="0" skipped="0" timestamp="2026-05-21T19:33:34" time="0.091" tests="1">
    <testcase classname="DiplomaChip should create" name="DiplomaChip should create" time="0.009">
    </testcase>
  </testsuite>
  <testsuite name="ThemeService" errors="0" failures="0" skipped="0" timestamp="2026-05-21T19:33:34" time="0.07" tests="3">
    <testcase classname="ThemeService initializes from localStorage and applies the theme" name="ThemeService initializes from localStorage and applies the theme" time="0.002">
    </testcase>
    <testcase classname="ThemeService falls back to system for unsupported stored values" name="ThemeService falls back to system for unsupported stored values" time="0">
    </testcase>
    <testcase classname="ThemeService sets and toggles themes through the supported cycle" name="ThemeService sets and toggles themes through the supported cycle" time="0">
    </testcase>
  </testsuite>
  <testsuite name="AchievementChip" errors="0" failures="0" skipped="0" timestamp="2026-05-21T19:33:34" time="0.085" tests="1">
    <testcase classname="AchievementChip should create" name="AchievementChip should create" time="0.017">
    </testcase>
  </testsuite>
  <testsuite name="getTemplatePreviewData" errors="0" failures="0" skipped="0" timestamp="2026-05-21T19:33:34" time="0.074" tests="2">
    <testcase classname="getTemplatePreviewData builds preview data for the requested template" name="getTemplatePreviewData builds preview data for the requested template" time="0.001">
    </testcase>
    <testcase classname="getTemplatePreviewData throws when no profile seed exists" name="getTemplatePreviewData throws when no profile seed exists" time="0.004">
    </testcase>
  </testsuite>
  <testsuite name="getErrorMessage" errors="0" failures="0" skipped="0" timestamp="2026-05-21T19:33:34" time="0.065" tests="3">
    <testcase classname="getErrorMessage returns the message from an Error instance" name="getErrorMessage returns the message from an Error instance" time="0">
    </testcase>
    <testcase classname="getErrorMessage returns a fallback for a non-Error value" name="getErrorMessage returns a fallback for a non-Error value" time="0.001">
    </testcase>
    <testcase classname="getErrorMessage returns a fallback for an Error with an empty message" name="getErrorMessage returns a fallback for an Error with an empty message" time="0">
    </testcase>
  </testsuite>
  <testsuite name="desktop-runtime-config utilities" errors="0" failures="0" skipped="0" timestamp="2026-05-21T19:33:35" time="0.063" tests="10">
    <testcase classname="desktop-runtime-config utilities resolvePocketBaseUrl returns the desktop pocketbase URL when desktop config is present" name="desktop-runtime-config utilities resolvePocketBaseUrl returns the desktop pocketbase URL when desktop config is present" time="0.001">
    </testcase>
    <testcase classname="desktop-runtime-config utilities resolvePocketBaseUrl falls back to environment.pocketbaseUrl when no desktop config" name="desktop-runtime-config utilities resolvePocketBaseUrl falls back to environment.pocketbaseUrl when no desktop config" time="0">
    </testcase>
    <testcase classname="desktop-runtime-config utilities resolveDesktopRuntimeConfig returns the full desktop config object" name="desktop-runtime-config utilities resolveDesktopRuntimeConfig returns the full desktop config object" time="0.001">
    </testcase>
    <testcase classname="desktop-runtime-config utilities resolveDesktopRuntimeConfig returns undefined when no desktop config is set" name="desktop-runtime-config utilities resolveDesktopRuntimeConfig returns undefined when no desktop config is set" time="0">
    </testcase>
    <testcase classname="desktop-runtime-config utilities isDesktopMode returns true when appMode is &quot;desktop&quot;" name="desktop-runtime-config utilities isDesktopMode returns true when appMode is &quot;desktop&quot;" time="0">
    </testcase>
    <testcase classname="desktop-runtime-config utilities isDesktopMode returns false when config is missing" name="desktop-runtime-config utilities isDesktopMode returns false when config is missing" time="0">
    </testcase>
    <testcase classname="desktop-runtime-config utilities isDesktopMode returns false when appMode is not &quot;desktop&quot;" name="desktop-runtime-config utilities isDesktopMode returns false when appMode is not &quot;desktop&quot;" time="0">
    </testcase>
    <testcase classname="desktop-runtime-config utilities resolveMcpUrl returns the MCP URL when present" name="desktop-runtime-config utilities resolveMcpUrl returns the MCP URL when present" time="0">
    </testcase>
    <testcase classname="desktop-runtime-config utilities resolveMcpUrl returns undefined when MCP URL is missing" name="desktop-runtime-config utilities resolveMcpUrl returns undefined when MCP URL is missing" time="0.001">
    </testcase>
    <testcase classname="desktop-runtime-config utilities resolveMcpUrl returns undefined when config is missing" name="desktop-runtime-config utilities resolveMcpUrl returns undefined when config is missing" time="0">
    </testcase>
  </testsuite>
</testsuites>